Kalimba Radio/build/outputs/apk/manifest-merger-debug-report.txt
-- Merging decision tree log ---
manifest
ADDED from AndroidManifest.xml:2:1
	xmlns:android
		ADDED from AndroidManifest.xml:2:11
	package
		ADDED from AndroidManifest.xml:3:11
	android:versionName
		INJECTED from AndroidManifest.xml:0:0
		INJECTED from AndroidManifest.xml:0:0
	android:versionCode
		INJECTED from AndroidManifest.xml:0:0
		INJECTED from AndroidManifest.xml:0:0
	android:installLocation
		ADDED from AndroidManifest.xml:4:11
uses-permission#android.permission.INTERNET
ADDED from AndroidManifest.xml:6:5
	android:name
		ADDED from AndroidManifest.xml:6:22
uses-permission#android.permission.READ_PHONE_STATE
ADDED from AndroidManifest.xml:7:5
	android:name
		ADDED from AndroidManifest.xml:7:22
uses-permission#android.permission.ACCESS_NETWORK_STATE
ADDED from AndroidManifest.xml:8:5
	android:name
		ADDED from AndroidManifest.xml:8:22
uses-permission#android.permission.WAKE_LOCK
ADDED from AndroidManifest.xml:9:5
	android:name
		ADDED from AndroidManifest.xml:9:22
uses-permission#android.permission.WRITE_EXTERNAL_STORAGE
ADDED from AndroidManifest.xml:10:5
	android:name
		ADDED from AndroidManifest.xml:10:22
uses-permission#android.permission.RECORD_AUDIO
ADDED from AndroidManifest.xml:11:5
	android:name
		ADDED from AndroidManifest.xml:11:22
uses-permission#android.permission.MODIFY_AUDIO_SETTINGS
ADDED from AndroidManifest.xml:12:5
	android:name
		ADDED from AndroidManifest.xml:12:22
uses-permission#android.permission.BLUETOOTH
ADDED from AndroidManifest.xml:13:5
	android:name
		ADDED from AndroidManifest.xml:13:22
uses-permission#android.permission.GET_ACCOUNTS
ADDED from AndroidManifest.xml:15:5
	android:name
		ADDED from AndroidManifest.xml:15:22
permission#net.sourceforge.kalimbaradio.androidapp.permission.C2D_MESSAGE
ADDED from AndroidManifest.xml:21:5
	android:protectionLevel
		ADDED from AndroidManifest.xml:23:9
	android:name
		ADDED from AndroidManifest.xml:22:9
uses-permission#net.sourceforge.kalimbaradio.androidapp.permission.C2D_MESSAGE
ADDED from AndroidManifest.xml:25:5
	android:name
		ADDED from AndroidManifest.xml:25:22
uses-permission#com.google.android.c2dm.permission.RECEIVE
ADDED from AndroidManifest.xml:26:5
	android:name
		ADDED from AndroidManifest.xml:26:22
uses-permission#android.permission.VIBRATE
ADDED from AndroidManifest.xml:28:5
	android:name
		ADDED from AndroidManifest.xml:28:22
supports-screens
ADDED from AndroidManifest.xml:30:5
	android:largeScreens
		ADDED from AndroidManifest.xml:30:78
	android:anyDensity
		ADDED from AndroidManifest.xml:30:23
	android:normalScreens
		ADDED from AndroidManifest.xml:30:106
	android:xlargeScreens
		ADDED from AndroidManifest.xml:30:49
	android:smallScreens
		ADDED from AndroidManifest.xml:30:135
application
ADDED from AndroidManifest.xml:32:5
MERGED from com.android.support:support-v4:21.0.3:16:5
MERGED from com.android.support:support-v4:21.0.3:16:5
MERGED from com.facebook.android:facebook-android-sdk:4.0.0:28:5
MERGED from com.android.support:support-v4:21.0.3:16:5
	android:label
		ADDED from AndroidManifest.xml:32:18
	android:icon
		ADDED from AndroidManifest.xml:32:57
	android:theme
		ADDED from AndroidManifest.xml:32:89
activity#net.sourceforge.kalimbaradio.androidapp.activity.loginActivity
ADDED from AndroidManifest.xml:34:9
	android:noHistory
		ADDED from AndroidManifest.xml:38:19
	android:label
		ADDED from AndroidManifest.xml:35:19
	android:configChanges
		ADDED from AndroidManifest.xml:36:19
	android:name
		ADDED from AndroidManifest.xml:34:19
	android:launchMode
		ADDED from AndroidManifest.xml:37:19
intent-filter#android.intent.action.MAIN+android.intent.category.LAUNCHER
ADDED from AndroidManifest.xml:39:13
action#android.intent.action.MAIN
ADDED from AndroidManifest.xml:40:17
	android:name
		ADDED from AndroidManifest.xml:40:25
category#android.intent.category.LAUNCHER
ADDED from AndroidManifest.xml:41:17
	android:name
		ADDED from AndroidManifest.xml:41:27
activity#net.sourceforge.kalimbaradio.androidapp.activity.MainActivity
ADDED from AndroidManifest.xml:46:9
	android:noHistory
		ADDED from AndroidManifest.xml:50:13
	android:label
		ADDED from AndroidManifest.xml:47:13
	android:configChanges
		ADDED from AndroidManifest.xml:48:13
	android:name
		ADDED from AndroidManifest.xml:46:19
	android:launchMode
		ADDED from AndroidManifest.xml:49:13
activity#net.sourceforge.kalimbaradio.androidapp.activity.SelectArtistActivity
ADDED from AndroidManifest.xml:52:9
	android:configChanges
		ADDED from AndroidManifest.xml:53:19
	android:name
		ADDED from AndroidManifest.xml:52:19
	android:launchMode
		ADDED from AndroidManifest.xml:54:19
activity#net.sourceforge.kalimbaradio.androidapp.activity.SelectAlbumActivity
ADDED from AndroidManifest.xml:56:9
	android:configChanges
		ADDED from AndroidManifest.xml:57:19
	android:name
		ADDED from AndroidManifest.xml:56:19
activity#net.sourceforge.kalimbaradio.androidapp.activity.SearchActivity
ADDED from AndroidManifest.xml:59:9
	android:label
		ADDED from AndroidManifest.xml:60:19
	android:configChanges
		ADDED from AndroidManifest.xml:61:19
	android:name
		ADDED from AndroidManifest.xml:59:19
	android:launchMode
		ADDED from AndroidManifest.xml:62:19
activity#net.sourceforge.kalimbaradio.androidapp.activity.SelectPlaylistActivity
ADDED from AndroidManifest.xml:64:9
	android:label
		ADDED from AndroidManifest.xml:65:19
	android:configChanges
		ADDED from AndroidManifest.xml:66:19
	android:name
		ADDED from AndroidManifest.xml:64:19
	android:launchMode
		ADDED from AndroidManifest.xml:67:19
receiver#net.sourceforge.kalimbaradio.androidapp.msgserver.GcmBroadcastReceiver
ADDED from AndroidManifest.xml:68:9
	android:permission
		ADDED from AndroidManifest.xml:70:13
	android:name
		ADDED from AndroidManifest.xml:69:13
intent-filter#com.google.android.c2dm.intent.RECEIVE+com.google.android.c2dm.intent.REGISTRATION+net.sourceforge.kalimbaradio.androidappss
ADDED from AndroidManifest.xml:71:13
action#com.google.android.c2dm.intent.RECEIVE
ADDED from AndroidManifest.xml:72:17
	android:name
		ADDED from AndroidManifest.xml:72:25
action#com.google.android.c2dm.intent.REGISTRATION
ADDED from AndroidManifest.xml:73:17
	android:name
		ADDED from AndroidManifest.xml:73:25
category#net.sourceforge.kalimbaradio.androidappss
ADDED from AndroidManifest.xml:75:17
	android:name
		ADDED from AndroidManifest.xml:75:27
service#net.sourceforge.kalimbaradio.androidapp.msgserver.GCMNotificationIntentService
ADDED from AndroidManifest.xml:79:9
	android:name
		ADDED from AndroidManifest.xml:79:18
activity#net.sourceforge.kalimbaradio.androidapp.activity.DownloadActivity
ADDED from AndroidManifest.xml:82:9
	android:configChanges
		ADDED from AndroidManifest.xml:83:19
	android:name
		ADDED from AndroidManifest.xml:82:19
	android:launchMode
		ADDED from AndroidManifest.xml:84:19
activity#net.sourceforge.kalimbaradio.androidapp.activity.SettingsActivity
ADDED from AndroidManifest.xml:86:9
	android:configChanges
		ADDED from AndroidManifest.xml:88:19
	android:theme
		ADDED from AndroidManifest.xml:87:19
	android:name
		ADDED from AndroidManifest.xml:86:19
	android:launchMode
		ADDED from AndroidManifest.xml:89:19
activity#net.sourceforge.kalimbaradio.androidapp.activity.HelpActivity
ADDED from AndroidManifest.xml:91:9
	android:label
		ADDED from AndroidManifest.xml:92:19
	android:name
		ADDED from AndroidManifest.xml:91:19
	android:launchMode
		ADDED from AndroidManifest.xml:93:19
activity#net.sourceforge.kalimbaradio.androidapp.activity.AboutActivity
ADDED from AndroidManifest.xml:95:9
	android:label
		ADDED from AndroidManifest.xml:96:13
	android:name
		ADDED from AndroidManifest.xml:95:19
	android:launchMode
		ADDED from AndroidManifest.xml:97:13
activity#net.sourceforge.kalimbaradio.androidapp.activity.LyricsActivity
ADDED from AndroidManifest.xml:99:9
	android:configChanges
		ADDED from AndroidManifest.xml:100:19
	android:name
		ADDED from AndroidManifest.xml:99:19
	android:launchMode
		ADDED from AndroidManifest.xml:101:19
activity#net.sourceforge.kalimbaradio.androidapp.activity.EqualizerActivity
ADDED from AndroidManifest.xml:103:9
	android:label
		ADDED from AndroidManifest.xml:104:19
	android:configChanges
		ADDED from AndroidManifest.xml:105:19
	android:name
		ADDED from AndroidManifest.xml:103:19
	android:launchMode
		ADDED from AndroidManifest.xml:106:19
activity#net.sourceforge.kalimbaradio.androidapp.activity.VoiceQueryReceiverActivity
ADDED from AndroidManifest.xml:108:9
	android:name
		ADDED from AndroidManifest.xml:108:19
	android:launchMode
		ADDED from AndroidManifest.xml:109:19
intent-filter#android.intent.category.DEFAULT+android.media.action.MEDIA_PLAY_FROM_SEARCH
ADDED from AndroidManifest.xml:110:13
action#android.media.action.MEDIA_PLAY_FROM_SEARCH
ADDED from AndroidManifest.xml:111:17
	android:name
		ADDED from AndroidManifest.xml:111:25
category#android.intent.category.DEFAULT
ADDED from AndroidManifest.xml:112:17
	android:name
		ADDED from AndroidManifest.xml:112:27
activity#net.sourceforge.kalimbaradio.androidapp.activity.QueryReceiverActivity
ADDED from AndroidManifest.xml:116:9
	android:name
		ADDED from AndroidManifest.xml:116:19
	android:launchMode
		ADDED from AndroidManifest.xml:117:19
intent-filter#android.intent.action.SEARCH
ADDED from AndroidManifest.xml:118:13
action#android.intent.action.SEARCH
ADDED from AndroidManifest.xml:119:17
	android:name
		ADDED from AndroidManifest.xml:119:25
meta-data#android.app.searchable
ADDED from AndroidManifest.xml:121:13
	android:resource
		ADDED from AndroidManifest.xml:121:62
	android:name
		ADDED from AndroidManifest.xml:121:24
service#net.sourceforge.kalimbaradio.androidapp.service.DownloadServiceImpl
ADDED from AndroidManifest.xml:124:9
	android:label
		ADDED from AndroidManifest.xml:125:18
	android:name
		ADDED from AndroidManifest.xml:124:18
receiver#net.sourceforge.kalimbaradio.androidapp.receiver.MediaButtonIntentReceiver
ADDED from AndroidManifest.xml:127:9
	android:name
		ADDED from AndroidManifest.xml:127:19
intent-filter#android.intent.action.MEDIA_BUTTON
ADDED from AndroidManifest.xml:128:13
	android:priority
		ADDED from AndroidManifest.xml:128:28
action#android.intent.action.MEDIA_BUTTON
ADDED from AndroidManifest.xml:129:17
	android:name
		ADDED from AndroidManifest.xml:129:25
receiver#net.sourceforge.kalimbaradio.androidapp.receiver.BluetoothIntentReceiver
ADDED from AndroidManifest.xml:133:9
	android:name
		ADDED from AndroidManifest.xml:133:19
intent-filter#android.bluetooth.a2dp.action.SINK_STATE_CHANGED+android.bluetooth.headset.profile.action.CONNECTION_STATE_CHANGED
ADDED from AndroidManifest.xml:134:13
action#android.bluetooth.a2dp.action.SINK_STATE_CHANGED
ADDED from AndroidManifest.xml:135:17
	android:name
		ADDED from AndroidManifest.xml:135:25
action#android.bluetooth.headset.profile.action.CONNECTION_STATE_CHANGED
ADDED from AndroidManifest.xml:136:17
	android:name
		ADDED from AndroidManifest.xml:136:25
receiver#net.sourceforge.kalimbaradio.androidapp.provider.SubsonicAppWidgetProvider
ADDED from AndroidManifest.xml:141:9
	android:name
		ADDED from AndroidManifest.xml:141:19
intent-filter#android.appwidget.action.APPWIDGET_UPDATE
ADDED from AndroidManifest.xml:142:13
action#android.appwidget.action.APPWIDGET_UPDATE
ADDED from AndroidManifest.xml:143:17
	android:name
		ADDED from AndroidManifest.xml:143:25
meta-data#android.appwidget.provider
ADDED from AndroidManifest.xml:145:13
	android:resource
		ADDED from AndroidManifest.xml:145:66
	android:name
		ADDED from AndroidManifest.xml:145:24
provider#net.sourceforge.kalimbaradio.androidapp.provider.CustomSuggestionsProvider
ADDED from AndroidManifest.xml:149:9
	android:authorities
		ADDED from AndroidManifest.xml:150:19
	android:name
		ADDED from AndroidManifest.xml:149:19
meta-data#android.app.default_searchable
ADDED from AndroidManifest.xml:152:9
	android:name
		ADDED from AndroidManifest.xml:152:20
	android:value
		ADDED from AndroidManifest.xml:153:20
uses-sdk
INJECTED from AndroidManifest.xml:0:0 reason: use-sdk injection requested
MERGED from com.android.support:support-v4:21.0.3:15:5
MERGED from com.google.android.gms:play-services:3.1.59:7:5
MERGED from com.android.support:support-v4:21.0.3:15:5
MERGED from com.facebook.android:facebook-android-sdk:4.0.0:24:5
MERGED from com.android.support:support-v4:21.0.3:15:5
	android:targetSdkVersion
		INJECTED from AndroidManifest.xml:0:0
		INJECTED from AndroidManifest.xml:0:0
	android:minSdkVersion
		INJECTED from AndroidManifest.xml:0:0
		INJECTED from AndroidManifest.xml:0:0